This file contains any messages produced by compilers while
running configure, to aid debugging if configure makes a mistake.

It was created by libpng configure 1.6.17, which was
generated by GNU Autoconf 2.69.  Invocation command line was

  $ ./configure --prefix=/usr --enable-shared --enable-static

## --------- ##
## Platform. ##
## --------- ##

hostname = DGWLT-1870-FGC
uname -m = i686
uname -r = 1.0.19(0.48/3/2)
uname -s = MINGW32_NT-6.2
uname -v = 2016-07-13 17:45

/usr/bin/uname -p = unknown
/bin/uname -X     = unknown

/bin/arch              = unknown
/usr/bin/arch -k       = unknown
/usr/convex/getsysinfo = unknown
/usr/bin/hostinfo      = unknown
/bin/machine           = unknown
/usr/bin/oslevel       = unknown
/bin/universe          = unknown

PATH: /ruby193/bin
PATH: /gnu-arm-gcc/bin
PATH: .
PATH: /usr/local/bin
PATH: /mingw/bin
PATH: /bin
PATH: /c/Program Files (x86)/Common Files/Oracle/Java/javapath
PATH: /c/ProgramData/Oracle/Java/javapath
PATH: /c/Program Files/ImageMagick-7.0.7-Q16
PATH: /c/WINDOWS/system32
PATH: /c/WINDOWS
PATH: /c/WINDOWS/System32/Wbem
PATH: /c/WINDOWS/System32/WindowsPowerShell/v1.0/
PATH: /c/Program Files (x86)/Windows Kits/8.0/Windows Performance Toolkit/
PATH: /c/Program Files/Microsoft SQL Server/110/Tools/Binn/
PATH: /c/Program Files/TortoiseSVN/bin
PATH: /c/Program Files (x86)/Microsoft SQL Server/Client SDK/ODBC/130/Tools/Binn/
PATH: /c/Program Files (x86)/Microsoft SQL Server/140/Tools/Binn/
PATH: /c/Program Files (x86)/Microsoft SQL Server/140/DTS/Binn/
PATH: /c/Program Files (x86)/Microsoft SQL Server/140/Tools/Binn/ManagementStudio/
PATH: /c/Program Files (x86)/STMicroelectronics/STM32 ST-LINK Utility/ST-LINK Utility
PATH: /c/Users/fgc/AppData/Local/Microsoft/WindowsApps
PATH: /c/Program Files (x86)/Microchip/xc32/v1.44/bin
PATH: .


## ----------- ##
## Core tests. ##
## ----------- ##

configure:2327: checking for a BSD-compatible install
configure:2395: result: /bin/install -c
configure:2406: checking whether build environment is sane
configure:2461: result: yes
configure:2612: checking for a thread-safe mkdir -p
configure:2651: result: /bin/mkdir -p
configure:2658: checking for gawk
configure:2674: found /bin/gawk
configure:2685: result: gawk
configure:2696: checking whether make sets $(MAKE)
configure:2718: result: yes
configure:2747: checking whether make supports nested variables
configure:2764: result: yes
configure:2894: checking whether to enable maintainer-specific portions of Makefiles
configure:2903: result: no
configure:2983: checking for gcc
configure:2999: found /mingw/bin/gcc
configure:3010: result: gcc
configure:3239: checking for C compiler version
configure:3248: gcc --version >&5
gcc.exe (MinGW.org GCC-6.3.0-1) 6.3.0
Copyright (C) 2016 Free Software Foundation, Inc.
This is free software; see the source for copying conditions.  There is NO
warranty; not even for MERCHANTABILITY or FITNESS FOR A PARTICULAR PURPOSE.

configure:3259: $? = 0
configure:3248: gcc -v >&5
Using built-in specs.
COLLECT_GCC=C:\TouchGFX\4.9.3\env\MinGW\bin\gcc.exe
COLLECT_LTO_WRAPPER=c:/touchgfx/4.9.3/env/mingw/bin/../libexec/gcc/mingw32/6.3.0/lto-wrapper.exe
Target: mingw32
Configured with: ../src/gcc-6.3.0/configure --build=x86_64-pc-linux-gnu --host=mingw32 --target=mingw32 --with-gmp=/mingw --with-mpfr --with-mpc=/mingw --with-isl=/mingw --prefix=/mingw --disable-win32-registry --with-arch=i586 --with-tune=generic --enable-languages=c,c++,objc,obj-c++,fortran,ada --with-pkgversion='MinGW.org GCC-6.3.0-1' --enable-static --enable-shared --enable-threads --with-dwarf2 --disable-sjlj-exceptions --enable-version-specific-runtime-libs --with-libiconv-prefix=/mingw --with-libintl-prefix=/mingw --enable-libstdcxx-debug --enable-libgomp --disable-libvtv --enable-nls
Thread model: win32
gcc version 6.3.0 (MinGW.org GCC-6.3.0-1) 
configure:3259: $? = 0
configure:3248: gcc -V >&5
gcc.exe: error: unrecognized command line option '-V'
gcc.exe: fatal error: no input files
compilation terminated.
configure:3259: $? = 1
configure:3248: gcc -qversion >&5
gcc.exe: error: unrecognized command line option '-qversion'; did you mean '--version'?
gcc.exe: fatal error: no input files
compilation terminated.
configure:3259: $? = 1
configure:3279: checking whether the C compiler works
configure:3301: gcc    conftest.c  >&5
configure:3305: $? = 0
configure:3353: result: yes
configure:3356: checking for C compiler default output file name
configure:3358: result: a.exe
configure:3364: checking for suffix of executables
configure:3371: gcc -o conftest.exe    conftest.c  >&5
configure:3375: $? = 0
configure:3397: result: .exe
configure:3419: checking whether we are cross compiling
configure:3427: gcc -o conftest.exe    conftest.c  >&5
configure:3431: $? = 0
configure:3438: ./conftest.exe
configure:3442: $? = 0
configure:3457: result: no
configure:3462: checking for suffix of object files
configure:3484: gcc -c   conftest.c >&5
configure:3488: $? = 0
configure:3509: result: o
configure:3513: checking whether we are using the GNU C compiler
configure:3532: gcc -c   conftest.c >&5
configure:3532: $? = 0
configure:3541: result: yes
configure:3550: checking whether gcc accepts -g
configure:3570: gcc -c -g  conftest.c >&5
configure:3570: $? = 0
configure:3611: result: yes
configure:3628: checking for gcc option to accept ISO C89
configure:3691: gcc  -c -g -O2  conftest.c >&5
configure:3691: $? = 0
configure:3704: result: none needed
configure:3729: checking whether gcc understands -c and -o together
configure:3751: gcc -c conftest.c -o conftest2.o
configure:3754: $? = 0
configure:3751: gcc -c conftest.c -o conftest2.o
configure:3754: $? = 0
configure:3766: result: yes
configure:3794: checking for style of include used by make
configure:3822: result: GNU
configure:3848: checking dependency style of gcc
configure:3959: result: gcc3
configure:3983: checking dependency style of gcc
configure:4092: result: gcc3
configure:4111: checking build system type
configure:4125: result: i686-pc-mingw32
configure:4145: checking host system type
configure:4158: result: i686-pc-mingw32
configure:4178: checking for a sed that does not truncate output
configure:4242: result: /bin/sed
configure:4260: checking for grep that handles long lines and -e
configure:4318: result: /bin/grep
configure:4323: checking for egrep
configure:4385: result: /bin/grep -E
configure:4390: checking for fgrep
configure:4452: result: /bin/grep -F
configure:4479: checking how to print strings
configure:4506: result: printf
configure:4539: checking for ld used by gcc
configure:4606: result: c:/touchgfx/4.9.3/env/mingw/mingw32/bin/ld.exe
configure:4613: checking if the linker (c:/touchgfx/4.9.3/env/mingw/mingw32/bin/ld.exe) is GNU ld
configure:4628: result: yes
configure:4645: checking how to run the C preprocessor
configure:4676: gcc -E  conftest.c
configure:4676: $? = 0
configure:4690: gcc -E  conftest.c
conftest.c:11:28: fatal error: ac_nonexistent.h: No such file or directory
 #include <ac_nonexistent.h>
                            ^
compilation terminated.
configure:4690: $? = 1
configure: failed program was:
| /* confdefs.h */
| #define PACKAGE_NAME "libpng"
| #define PACKAGE_TARNAME "libpng"
| #define PACKAGE_VERSION "1.6.17"
| #define PACKAGE_STRING "libpng 1.6.17"
| #define PACKAGE_BUGREPORT "png-mng-implement@lists.sourceforge.net"
| #define PACKAGE_URL ""
| #define PACKAGE "libpng"
| #define VERSION "1.6.17"
| /* end confdefs.h.  */
| #include <ac_nonexistent.h>
configure:4715: result: gcc -E
configure:4735: gcc -E  conftest.c
configure:4735: $? = 0
configure:4749: gcc -E  conftest.c
conftest.c:11:28: fatal error: ac_nonexistent.h: No such file or directory
 #include <ac_nonexistent.h>
                            ^
compilation terminated.
configure:4749: $? = 1
configure: failed program was:
| /* confdefs.h */
| #define PACKAGE_NAME "libpng"
| #define PACKAGE_TARNAME "libpng"
| #define PACKAGE_VERSION "1.6.17"
| #define PACKAGE_STRING "libpng 1.6.17"
| #define PACKAGE_BUGREPORT "png-mng-implement@lists.sourceforge.net"
| #define PACKAGE_URL ""
| #define PACKAGE "libpng"
| #define VERSION "1.6.17"
| /* end confdefs.h.  */
| #include <ac_nonexistent.h>
configure:4781: checking for gawk
configure:4808: result: gawk
configure:4820: checking whether ln -s works
configure:4827: result: no, using cp -pR
configure:4831: checking whether make sets $(MAKE)
configure:4853: result: yes
configure:4905: checking for BSD- or MS-compatible name lister (nm)
configure:4959: result: /mingw/bin/nm -B
configure:5089: checking the name lister (/mingw/bin/nm -B) interface
configure:5096: gcc -c -g -O2  conftest.c >&5
configure:5099: /mingw/bin/nm -B "conftest.o"
configure:5102: output
00000000 b .bss
00000000 d .data
00000000 N .debug_abbrev
00000000 N .debug_aranges
00000000 N .debug_info
00000000 N .debug_line
00000000 r .rdata$zzz
00000000 t .text
00000000 B _some_variable
configure:5109: result: BSD nm
configure:5113: checking the maximum length of command line arguments
configure:5244: result: 8192
configure:5292: checking how to convert i686-pc-mingw32 file names to i686-pc-mingw32 format
configure:5332: result: func_convert_file_msys_to_w32
configure:5339: checking how to convert i686-pc-mingw32 file names to toolchain format
configure:5359: result: func_convert_file_msys_to_w32
configure:5366: checking for c:/touchgfx/4.9.3/env/mingw/mingw32/bin/ld.exe option to reload object files
configure:5373: result: -r
configure:5447: checking for objdump
configure:5463: found /mingw/bin/objdump
configure:5474: result: objdump
configure:5503: checking how to recognize dependent libraries
configure:5703: result: file_magic ^x86 archive import|^x86 DLL
configure:5788: checking for dlltool
configure:5804: found /mingw/bin/dlltool
configure:5815: result: dlltool
configure:5845: checking how to associate runtime and link libraries
configure:5872: result: func_cygming_dll_for_implib
configure:5933: checking for ar
configure:5949: found /mingw/bin/ar
configure:5960: result: ar
configure:5997: checking for archiver @FILE support
configure:6014: gcc -c -g -O2  conftest.c >&5
configure:6014: $? = 0
configure:6017: ar cru libconftest.a @conftest.lst >&5
configure:6020: $? = 0
configure:6025: ar cru libconftest.a @conftest.lst >&5
C:\TouchGFX\4.9.3\env\MinGW\bin\ar.exe: conftest.o: No such file or directory
configure:6028: $? = 1
configure:6040: result: @
configure:6098: checking for strip
configure:6114: found /mingw/bin/strip
configure:6125: result: strip
configure:6197: checking for ranlib
configure:6213: found /mingw/bin/ranlib
configure:6224: result: ranlib
configure:6326: checking command to parse /mingw/bin/nm -B output from gcc object
configure:6479: gcc -c -g -O2  conftest.c >&5
configure:6482: $? = 0
configure:6486: /mingw/bin/nm -B conftest.o \| sed -n -e 's/^.*[ ]\([ABCDGIRSTW][ABCDGIRSTW]*\)[ ][ ]*\([_A-Za-z][_A-Za-z0-9]*\)\{0,1\}$/\1 \2 \2/p' | sed '/ __gnu_lto/d' \> conftest.nm
configure:6489: $? = 0
cannot find nm_test_var in conftest.nm
configure:6479: gcc -c -g -O2  conftest.c >&5
configure:6482: $? = 0
configure:6486: /mingw/bin/nm -B conftest.o \| sed -n -e 's/^.*[ ]\([ABCDGIRSTW][ABCDGIRSTW]*\)[ ][ ]*_\([_A-Za-z][_A-Za-z0-9]*\)\{0,1\}$/\1 _\2 \2/p' | sed '/ __gnu_lto/d' \> conftest.nm
configure:6489: $? = 0
configure:6555: gcc -o conftest.exe -g -O2   conftest.c conftstm.o >&5
configure:6558: $? = 0
configure:6596: result: ok
configure:6643: checking for sysroot
configure:6673: result: no
configure:6680: checking for a working dd
configure:6718: result: 
configure:6722: checking how to truncate binary pipes
configure:6737: result: /bin/sed -e 4q
configure:7066: checking for mt
configure:7096: result: no
configure:7116: checking if : is a manifest tool
configure:7122: : '-?'
configure:7130: result: no
configure:7803: checking for ANSI C header files
configure:7823: gcc -c -g -O2  conftest.c >&5
configure:7823: $? = 0
configure:7896: gcc -o conftest.exe -g -O2   conftest.c  >&5
configure:7896: $? = 0
configure:7896: ./conftest.exe
configure:7896: $? = 0
configure:7907: result: yes
configure:7920: checking for sys/types.h
configure:7920: gcc -c -g -O2  conftest.c >&5
configure:7920: $? = 0
configure:7920: result: yes
configure:7920: checking for sys/stat.h
configure:7920: gcc -c -g -O2  conftest.c >&5
configure:7920: $? = 0
configure:7920: result: yes
configure:7920: checking for stdlib.h
configure:7920: gcc -c -g -O2  conftest.c >&5
configure:7920: $? = 0
configure:7920: result: yes
configure:7920: checking for string.h
configure:7920: gcc -c -g -O2  conftest.c >&5
configure:7920: $? = 0
configure:7920: result: yes
configure:7920: checking for memory.h
configure:7920: gcc -c -g -O2  conftest.c >&5
configure:7920: $? = 0
configure:7920: result: yes
configure:7920: checking for strings.h
configure:7920: gcc -c -g -O2  conftest.c >&5
configure:7920: $? = 0
configure:7920: result: yes
configure:7920: checking for inttypes.h
configure:7920: gcc -c -g -O2  conftest.c >&5
configure:7920: $? = 0
configure:7920: result: yes
configure:7920: checking for stdint.h
configure:7920: gcc -c -g -O2  conftest.c >&5
configure:7920: $? = 0
configure:7920: result: yes
configure:7920: checking for unistd.h
configure:7920: gcc -c -g -O2  conftest.c >&5
configure:7920: $? = 0
configure:7920: result: yes
configure:7934: checking for dlfcn.h
configure:7934: gcc -c -g -O2  conftest.c >&5
configure:7934: $? = 0
configure:7934: result: yes
configure:7997: checking for as
configure:8013: found /mingw/bin/as
configure:8024: result: as
configure:8089: checking for dlltool
configure:8116: result: dlltool
configure:8181: checking for objdump
configure:8208: result: objdump
configure:8488: checking for objdir
configure:8503: result: .libs
configure:8767: checking if gcc supports -fno-rtti -fno-exceptions
configure:8785: gcc -c -g -O2  -fno-rtti -fno-exceptions conftest.c >&5
cc1.exe: warning: command line option '-fno-rtti' is valid for C++/ObjC++ but not for C
configure:8789: $? = 0
configure:8802: result: no
configure:9160: checking for gcc option to produce PIC
configure:9167: result: -DDLL_EXPORT -DPIC
configure:9175: checking if gcc PIC flag -DDLL_EXPORT -DPIC works
configure:9193: gcc -c -g -O2  -DDLL_EXPORT -DPIC -DPIC conftest.c >&5
configure:9197: $? = 0
configure:9210: result: yes
configure:9239: checking if gcc static flag -static works
configure:9267: result: yes
configure:9282: checking if gcc supports -c -o file.o
configure:9303: gcc -c -g -O2  -o out/conftest2.o conftest.c >&5
configure:9307: $? = 0
configure:9329: result: yes
configure:9337: checking if gcc supports -c -o file.o
configure:9384: result: yes
configure:9417: checking whether the gcc linker (c:/touchgfx/4.9.3/env/mingw/mingw32/bin/ld.exe) supports shared libraries
configure:10676: result: yes
configure:10713: checking whether -lc should be explicitly linked in
configure:10721: gcc -c -g -O2  conftest.c >&5
configure:10724: $? = 0
configure:10739: gcc -shared conftest.o  -v -o ./conftest -Wl,--enable-auto-image-base -Xlinker --out-implib -Xlinker conftest 2\>\&1 \| /bin/grep  -lc  \>/dev/null 2\>\&1
configure:10742: $? = 1
configure:10756: result: yes
configure:10916: checking dynamic linker characteristics
configure:11734: result: Win32 ld.exe
configure:11856: checking how to hardcode library paths into programs
configure:11881: result: immediate
configure:12429: checking whether stripping libraries is possible
configure:12434: result: yes
configure:12469: checking if libtool supports shared libraries
configure:12471: result: yes
configure:12474: checking whether to build shared libraries
configure:12499: result: yes
configure:12502: checking whether to build static libraries
configure:12506: result: yes
configure:12547: checking that AWK works
configure:12553: result: ok
configure:12601: checking for ANSI C header files
configure:12705: result: yes
configure:12715: checking for an ANSI C-conforming const
configure:12781: gcc -c -g -O2  conftest.c >&5
configure:12781: $? = 0
configure:12788: result: yes
configure:12796: checking for size_t
configure:12796: gcc -c -g -O2  conftest.c >&5
configure:12796: $? = 0
configure:12796: gcc -c -g -O2  conftest.c >&5
conftest.c: In function 'main':
conftest.c:60:21: error: expected expression before ')' token
 if (sizeof ((size_t)))
                     ^
configure:12796: $? = 1
configure: failed program was:
| /* confdefs.h */
| #define PACKAGE_NAME "libpng"
| #define PACKAGE_TARNAME "libpng"
| #define PACKAGE_VERSION "1.6.17"
| #define PACKAGE_STRING "libpng 1.6.17"
| #define PACKAGE_BUGREPORT "png-mng-implement@lists.sourceforge.net"
| #define PACKAGE_URL ""
| #define PACKAGE "libpng"
| #define VERSION "1.6.17"
| #define STDC_HEADERS 1
| #define HAVE_SYS_TYPES_H 1
| #define HAVE_SYS_STAT_H 1
| #define HAVE_STDLIB_H 1
| #define HAVE_STRING_H 1
| #define HAVE_MEMORY_H 1
| #define HAVE_STRINGS_H 1
| #define HAVE_INTTYPES_H 1
| #define HAVE_STDINT_H 1
| #define HAVE_UNISTD_H 1
| #define HAVE_DLFCN_H 1
| #define LT_OBJDIR ".libs/"
| #define STDC_HEADERS 1
| /* end confdefs.h.  */
| #include <stdio.h>
| #ifdef HAVE_SYS_TYPES_H
| # include <sys/types.h>
| #endif
| #ifdef HAVE_SYS_STAT_H
| # include <sys/stat.h>
| #endif
| #ifdef STDC_HEADERS
| # include <stdlib.h>
| # include <stddef.h>
| #else
| # ifdef HAVE_STDLIB_H
| #  include <stdlib.h>
| # endif
| #endif
| #ifdef HAVE_STRING_H
| # if !defined STDC_HEADERS && defined HAVE_MEMORY_H
| #  include <memory.h>
| # endif
| # include <string.h>
| #endif
| #ifdef HAVE_STRINGS_H
| # include <strings.h>
| #endif
| #ifdef HAVE_INTTYPES_H
| # include <inttypes.h>
| #endif
| #ifdef HAVE_STDINT_H
| # include <stdint.h>
| #endif
| #ifdef HAVE_UNISTD_H
| # include <unistd.h>
| #endif
| int
| main ()
| {
| if (sizeof ((size_t)))
| 	    return 0;
|   ;
|   return 0;
| }
configure:12796: result: yes
configure:12807: checking whether struct tm is in sys/time.h or time.h
configure:12827: gcc -c -g -O2  conftest.c >&5
configure:12827: $? = 0
configure:12834: result: time.h
configure:12842: checking for C/C++ restrict keyword
configure:12867: gcc -c -g -O2  conftest.c >&5
configure:12867: $? = 0
configure:12875: result: __restrict
configure:12890: checking for working strtod
configure:12931: gcc -o conftest.exe -g -O2   conftest.c  >&5
configure:12931: $? = 0
configure:12931: ./conftest.exe
configure:12931: $? = 0
configure:12941: result: yes
configure:13005: checking for memset
configure:13005: gcc -o conftest.exe -g -O2   conftest.c  >&5
conftest.c:48:6: warning: conflicting types for built-in function 'memset'
 char memset ();
      ^~~~~~
configure:13005: $? = 0
configure:13005: result: yes
configure:13018: checking for pow
configure:13018: gcc -o conftest.exe -g -O2   conftest.c  >&5
conftest.c:49:6: warning: conflicting types for built-in function 'pow'
 char pow ();
      ^~~
configure:13018: $? = 0
configure:13018: result: yes
configure:13083: checking for zlibVersion in -lz
configure:13108: gcc -o conftest.exe -g -O2   conftest.c -lz   >&5
configure:13108: $? = 0
configure:13117: result: yes
configure:13182: checking for feenableexcept in -lm
configure:13207: gcc -o conftest.exe -g -O2   conftest.c -lm  -lz  >&5
C:\Users\fgc\AppData\Local\Temp\ccwjkEPk.o: In function `main':
C:\touchgfx\4.9.3\env\MinGW\msys\1.0\home\touchgfx\libpng-1.6.17/conftest.c:39: undefined reference to `feenableexcept'
collect2.exe: error: ld returned 1 exit status
configure:13207: $? = 1
configure: failed program was:
| /* confdefs.h */
| #define PACKAGE_NAME "libpng"
| #define PACKAGE_TARNAME "libpng"
| #define PACKAGE_VERSION "1.6.17"
| #define PACKAGE_STRING "libpng 1.6.17"
| #define PACKAGE_BUGREPORT "png-mng-implement@lists.sourceforge.net"
| #define PACKAGE_URL ""
| #define PACKAGE "libpng"
| #define VERSION "1.6.17"
| #define STDC_HEADERS 1
| #define HAVE_SYS_TYPES_H 1
| #define HAVE_SYS_STAT_H 1
| #define HAVE_STDLIB_H 1
| #define HAVE_STRING_H 1
| #define HAVE_MEMORY_H 1
| #define HAVE_STRINGS_H 1
| #define HAVE_INTTYPES_H 1
| #define HAVE_STDINT_H 1
| #define HAVE_UNISTD_H 1
| #define HAVE_DLFCN_H 1
| #define LT_OBJDIR ".libs/"
| #define STDC_HEADERS 1
| #define restrict __restrict
| #define HAVE_MEMSET 1
| #define HAVE_POW 1
| #define HAVE_LIBZ 1
| /* end confdefs.h.  */
| 
| /* Override any GCC internal prototype to avoid an error.
|    Use char because int might match the return type of a GCC
|    builtin and then its argument prototype would still apply.  */
| #ifdef __cplusplus
| extern "C"
| #endif
| char feenableexcept ();
| int
| main ()
| {
| return feenableexcept ();
|   ;
|   return 0;
| }
configure:13216: result: no
configure:13229: checking for feenableexcept
configure:13229: gcc -o conftest.exe -g -O2   conftest.c -lz  >&5
C:\Users\fgc\AppData\Local\Temp\ccCWAulL.o: In function `main':
C:\touchgfx\4.9.3\env\MinGW\msys\1.0\home\touchgfx\libpng-1.6.17/conftest.c:62: undefined reference to `feenableexcept'
collect2.exe: error: ld returned 1 exit status
configure:13229: $? = 1
configure: failed program was:
| /* confdefs.h */
| #define PACKAGE_NAME "libpng"
| #define PACKAGE_TARNAME "libpng"
| #define PACKAGE_VERSION "1.6.17"
| #define PACKAGE_STRING "libpng 1.6.17"
| #define PACKAGE_BUGREPORT "png-mng-implement@lists.sourceforge.net"
| #define PACKAGE_URL ""
| #define PACKAGE "libpng"
| #define VERSION "1.6.17"
| #define STDC_HEADERS 1
| #define HAVE_SYS_TYPES_H 1
| #define HAVE_SYS_STAT_H 1
| #define HAVE_STDLIB_H 1
| #define HAVE_STRING_H 1
| #define HAVE_MEMORY_H 1
| #define HAVE_STRINGS_H 1
| #define HAVE_INTTYPES_H 1
| #define HAVE_STDINT_H 1
| #define HAVE_UNISTD_H 1
| #define HAVE_DLFCN_H 1
| #define LT_OBJDIR ".libs/"
| #define STDC_HEADERS 1
| #define restrict __restrict
| #define HAVE_MEMSET 1
| #define HAVE_POW 1
| #define HAVE_LIBZ 1
| /* end confdefs.h.  */
| /* Define feenableexcept to an innocuous variant, in case <limits.h> declares feenableexcept.
|    For example, HP-UX 11i <limits.h> declares gettimeofday.  */
| #define feenableexcept innocuous_feenableexcept
| 
| /* System header to define __stub macros and hopefully few prototypes,
|     which can conflict with char feenableexcept (); below.
|     Prefer <limits.h> to <assert.h> if __STDC__ is defined, since
|     <limits.h> exists even on freestanding compilers.  */
| 
| #ifdef __STDC__
| # include <limits.h>
| #else
| # include <assert.h>
| #endif
| 
| #undef feenableexcept
| 
| /* Override any GCC internal prototype to avoid an error.
|    Use char because int might match the return type of a GCC
|    builtin and then its argument prototype would still apply.  */
| #ifdef __cplusplus
| extern "C"
| #endif
| char feenableexcept ();
| /* The GNU C library defines this for functions which it implements
|     to always fail with ENOSYS.  Some functions are actually named
|     something starting with __ and the normal name is an alias.  */
| #if defined __stub_feenableexcept || defined __stub___feenableexcept
| choke me
| #endif
| 
| int
| main ()
| {
| return feenableexcept ();
|   ;
|   return 0;
| }
configure:13229: result: no
configure:13239: checking if using Solaris linker
configure:13248: result: no
configure:13260: checking if libraries can be versioned
configure:13268: result: no
configure:13332: pkgconfig directory is ${libdir}/pkgconfig
configure:13479: Extra options for compiler: 
configure:13597: checking that generated files are newer than configure
configure:13603: result: done
configure:13662: creating ./config.status

## ---------------------- ##
## Running config.status. ##
## ---------------------- ##

This file was extended by libpng config.status 1.6.17, which was
generated by GNU Autoconf 2.69.  Invocation command line was

  CONFIG_FILES    = 
  CONFIG_HEADERS  = 
  CONFIG_LINKS    = 
  CONFIG_COMMANDS = 
  $ ./config.status 

on DGWLT-1870-FGC

config.status:1138: creating Makefile
config.status:1138: creating libpng.pc
config.status:1138: creating libpng-config
config.status:1138: creating config.h
config.status:1367: executing depfiles commands
config.status:1367: executing libtool commands

## ---------------- ##
## Cache variables. ##
## ---------------- ##

ac_cv_build=i686-pc-mingw32
ac_cv_c_compiler_gnu=yes
ac_cv_c_const=yes
ac_cv_c_restrict=__restrict
ac_cv_env_CCASFLAGS_set=
ac_cv_env_CCASFLAGS_value=
ac_cv_env_CCAS_set=
ac_cv_env_CCAS_value=
ac_cv_env_CC_set=
ac_cv_env_CC_value=
ac_cv_env_CFLAGS_set=
ac_cv_env_CFLAGS_value=
ac_cv_env_CPPFLAGS_set=
ac_cv_env_CPPFLAGS_value=
ac_cv_env_CPP_set=
ac_cv_env_CPP_value=
ac_cv_env_LDFLAGS_set=
ac_cv_env_LDFLAGS_value=
ac_cv_env_LIBS_set=
ac_cv_env_LIBS_value=
ac_cv_env_LT_SYS_LIBRARY_PATH_set=
ac_cv_env_LT_SYS_LIBRARY_PATH_value=
ac_cv_env_PNG_COPTS_set=
ac_cv_env_PNG_COPTS_value=
ac_cv_env_build_alias_set=
ac_cv_env_build_alias_value=
ac_cv_env_host_alias_set=
ac_cv_env_host_alias_value=
ac_cv_env_target_alias_set=
ac_cv_env_target_alias_value=
ac_cv_exeext=.exe
ac_cv_func_feenableexcept=no
ac_cv_func_memset=yes
ac_cv_func_pow=yes
ac_cv_func_strtod=yes
ac_cv_header_dlfcn_h=yes
ac_cv_header_inttypes_h=yes
ac_cv_header_memory_h=yes
ac_cv_header_stdc=yes
ac_cv_header_stdint_h=yes
ac_cv_header_stdlib_h=yes
ac_cv_header_string_h=yes
ac_cv_header_strings_h=yes
ac_cv_header_sys_stat_h=yes
ac_cv_header_sys_types_h=yes
ac_cv_header_unistd_h=yes
ac_cv_host=i686-pc-mingw32
ac_cv_lib_m_feenableexcept=no
ac_cv_lib_z_zlibVersion=yes
ac_cv_objext=o
ac_cv_path_EGREP='/bin/grep -E'
ac_cv_path_FGREP='/bin/grep -F'
ac_cv_path_GREP=/bin/grep
ac_cv_path_SED=/bin/sed
ac_cv_path_install='/bin/install -c'
ac_cv_path_mkdir=/bin/mkdir
ac_cv_prog_AWK=gawk
ac_cv_prog_CPP='gcc -E'
ac_cv_prog_ac_ct_AR=ar
ac_cv_prog_ac_ct_AS=as
ac_cv_prog_ac_ct_CC=gcc
ac_cv_prog_ac_ct_DLLTOOL=dlltool
ac_cv_prog_ac_ct_OBJDUMP=objdump
ac_cv_prog_ac_ct_RANLIB=ranlib
ac_cv_prog_ac_ct_STRIP=strip
ac_cv_prog_cc_c89=
ac_cv_prog_cc_g=yes
ac_cv_prog_make_make_set=yes
ac_cv_struct_tm=time.h
ac_cv_type_size_t=yes
am_cv_CCAS_dependencies_compiler_type=gcc3
am_cv_CC_dependencies_compiler_type=gcc3
am_cv_make_support_nested_variables=yes
am_cv_prog_cc_c_o=yes
lt_cv_ar_at_file=@
lt_cv_archive_cmds_need_lc=yes
lt_cv_deplibs_check_method='file_magic ^x86 archive import|^x86 DLL'
lt_cv_file_magic_cmd=func_win32_libid
lt_cv_file_magic_test_file=
lt_cv_ld_reload_flag=-r
lt_cv_nm_interface='BSD nm'
lt_cv_objdir=.libs
lt_cv_path_LD=c:/touchgfx/4.9.3/env/mingw/mingw32/bin/ld.exe
lt_cv_path_NM='/mingw/bin/nm -B'
lt_cv_path_mainfest_tool=no
lt_cv_prog_compiler_c_o=yes
lt_cv_prog_compiler_pic='-DDLL_EXPORT -DPIC'
lt_cv_prog_compiler_pic_works=yes
lt_cv_prog_compiler_rtti_exceptions=no
lt_cv_prog_compiler_static_works=yes
lt_cv_prog_gnu_ld=yes
lt_cv_sharedlib_from_linklib_cmd=func_cygming_dll_for_implib
lt_cv_sys_global_symbol_pipe='sed -n -e '\''s/^.*[	 ]\([ABCDGIRSTW][ABCDGIRSTW]*\)[	 ][	 ]*_\([_A-Za-z][_A-Za-z0-9]*\)\{0,1\}$/\1 _\2 \2/p'\'' | sed '\''/ __gnu_lto/d'\'''
lt_cv_sys_global_symbol_to_c_name_address='sed -n -e '\''s/^: \(.*\) .*$/  {"\1", (void *) 0},/p'\'' -e '\''s/^[ABCDGIRSTW][ABCDGIRSTW]* .* \(.*\)$/  {"\1", (void *) \&\1},/p'\'''
lt_cv_sys_global_symbol_to_c_name_address_lib_prefix='sed -n -e '\''s/^: \(.*\) .*$/  {"\1", (void *) 0},/p'\'' -e '\''s/^[ABCDGIRSTW][ABCDGIRSTW]* .* \(lib.*\)$/  {"\1", (void *) \&\1},/p'\'' -e '\''s/^[ABCDGIRSTW][ABCDGIRSTW]* .* \(.*\)$/  {"lib\1", (void *) \&\1},/p'\'''
lt_cv_sys_global_symbol_to_cdecl='sed -n -e '\''s/^T .* \(.*\)$/extern int \1();/p'\'' -e '\''s/^[ABCDGIRSTW][ABCDGIRSTW]* .* \(.*\)$/extern char \1;/p'\'''
lt_cv_sys_global_symbol_to_import=
lt_cv_sys_max_cmd_len=8192
lt_cv_to_host_file_cmd=func_convert_file_msys_to_w32
lt_cv_to_tool_file_cmd=func_convert_file_msys_to_w32
lt_cv_truncate_bin='/bin/sed -e 4q'

## ----------------- ##
## Output variables. ##
## ----------------- ##

ACLOCAL='${SHELL} /home/touchgfx/libpng-1.6.17/missing aclocal-1.15'
AMDEPBACKSLASH='\'
AMDEP_FALSE='#'
AMDEP_TRUE=''
AMTAR='$${TAR-tar}'
AM_BACKSLASH='\'
AM_DEFAULT_V='$(AM_DEFAULT_VERBOSITY)'
AM_DEFAULT_VERBOSITY='1'
AM_V='$(V)'
AR='ar'
AS='as'
AUTOCONF='${SHELL} /home/touchgfx/libpng-1.6.17/missing autoconf'
AUTOHEADER='${SHELL} /home/touchgfx/libpng-1.6.17/missing autoheader'
AUTOMAKE='${SHELL} /home/touchgfx/libpng-1.6.17/missing automake-1.15'
AWK='gawk'
CC='gcc'
CCAS='gcc'
CCASDEPMODE='depmode=gcc3'
CCASFLAGS='-g -O2'
CCDEPMODE='depmode=gcc3'
CFLAGS='-g -O2'
CPP='gcc -E'
CPPFLAGS=''
CYGPATH_W='echo'
DEFS='-DHAVE_CONFIG_H'
DEPDIR='.deps'
DFNCPP='gcc -E'
DLLTOOL='dlltool'
DO_INSTALL_LIBPNG_CONFIG_FALSE='#'
DO_INSTALL_LIBPNG_CONFIG_TRUE=''
DO_INSTALL_LIBPNG_PC_FALSE='#'
DO_INSTALL_LIBPNG_PC_TRUE=''
DO_INSTALL_LINKS_FALSE='#'
DO_INSTALL_LINKS_TRUE=''
DO_PNG_PREFIX_FALSE=''
DO_PNG_PREFIX_TRUE='#'
DSYMUTIL=''
DUMPBIN=''
ECHO_C=''
ECHO_N='-n'
ECHO_T=''
EGREP='/bin/grep -E'
EXEEXT='.exe'
FGREP='/bin/grep -F'
GREP='/bin/grep'
HAVE_LD_VERSION_SCRIPT_FALSE=''
HAVE_LD_VERSION_SCRIPT_TRUE='#'
HAVE_SOLARIS_LD_FALSE=''
HAVE_SOLARIS_LD_TRUE='#'
INSTALL_DATA='${INSTALL} -m 644'
INSTALL_PROGRAM='${INSTALL}'
INSTALL_SCRIPT='${INSTALL}'
INSTALL_STRIP_PROGRAM='$(install_sh) -c -s'
LD='c:/touchgfx/4.9.3/env/mingw/mingw32/bin/ld.exe'
LDFLAGS=''
LIBOBJS=''
LIBS='-lz '
LIBTOOL='$(SHELL) $(top_builddir)/libtool'
LIPO=''
LN_S='cp -pR'
LTLIBOBJS=''
LT_SYS_LIBRARY_PATH=''
MAINT='#'
MAINTAINER_MODE_FALSE=''
MAINTAINER_MODE_TRUE='#'
MAKEINFO='${SHELL} /home/touchgfx/libpng-1.6.17/missing makeinfo'
MANIFEST_TOOL=':'
MKDIR_P='/bin/mkdir -p'
NM='/mingw/bin/nm -B'
NMEDIT=''
OBJDUMP='objdump'
OBJEXT='o'
OTOOL64=''
OTOOL=''
PACKAGE='libpng'
PACKAGE_BUGREPORT='png-mng-implement@lists.sourceforge.net'
PACKAGE_NAME='libpng'
PACKAGE_STRING='libpng 1.6.17'
PACKAGE_TARNAME='libpng'
PACKAGE_URL=''
PACKAGE_VERSION='1.6.17'
PATH_SEPARATOR=':'
PNGLIB_MAJOR='1'
PNGLIB_MINOR='6'
PNGLIB_RELEASE='17'
PNGLIB_VERSION='1.6.17'
PNG_ARM_NEON_FALSE=''
PNG_ARM_NEON_TRUE='#'
PNG_COPTS=''
PNG_PREFIX=''
POW_LIB=''
RANLIB='ranlib'
SED='/bin/sed'
SET_MAKE=''
SHELL='/bin/sh'
STRIP='strip'
SYMBOL_PREFIX=''
VERSION='1.6.17'
ac_ct_AR='ar'
ac_ct_CC='gcc'
ac_ct_DUMPBIN=''
am__EXEEXT_FALSE='#'
am__EXEEXT_TRUE=''
am__fastdepCCAS_FALSE='#'
am__fastdepCCAS_TRUE=''
am__fastdepCC_FALSE='#'
am__fastdepCC_TRUE=''
am__include='include'
am__isrc=''
am__leading_dot='.'
am__nodep='_no'
am__quote=''
am__tar='$${TAR-tar} chof - "$$tardir"'
am__untar='$${TAR-tar} xf -'
binconfigs='${binconfigs}'
bindir='${exec_prefix}/bin'
build='i686-pc-mingw32'
build_alias=''
build_cpu='i686'
build_os='mingw32'
build_vendor='pc'
datadir='${datarootdir}'
datarootdir='${prefix}/share'
docdir='${datarootdir}/doc/${PACKAGE_TARNAME}'
dvidir='${docdir}'
exec_prefix='${prefix}'
host='i686-pc-mingw32'
host_alias=''
host_cpu='i686'
host_os='mingw32'
host_vendor='pc'
htmldir='${docdir}'
includedir='${prefix}/include'
infodir='${datarootdir}/info'
install_sh='${SHELL} /home/touchgfx/libpng-1.6.17/install-sh'
libdir='${exec_prefix}/lib'
libexecdir='${exec_prefix}/libexec'
localedir='${datarootdir}/locale'
localstatedir='${prefix}/var'
mandir='${datarootdir}/man'
mkdir_p='$(MKDIR_P)'
oldincludedir='/usr/include'
pdfdir='${docdir}'
pkgconfigdir='${libdir}/pkgconfig'
prefix='/usr'
program_transform_name='s,x,x,'
psdir='${docdir}'
sbindir='${exec_prefix}/sbin'
sharedstatedir='${prefix}/com'
sysconfdir='${prefix}/etc'
target_alias=''

## ----------- ##
## confdefs.h. ##
## ----------- ##

/* confdefs.h */
#define PACKAGE_NAME "libpng"
#define PACKAGE_TARNAME "libpng"
#define PACKAGE_VERSION "1.6.17"
#define PACKAGE_STRING "libpng 1.6.17"
#define PACKAGE_BUGREPORT "png-mng-implement@lists.sourceforge.net"
#define PACKAGE_URL ""
#define PACKAGE "libpng"
#define VERSION "1.6.17"
#define STDC_HEADERS 1
#define HAVE_SYS_TYPES_H 1
#define HAVE_SYS_STAT_H 1
#define HAVE_STDLIB_H 1
#define HAVE_STRING_H 1
#define HAVE_MEMORY_H 1
#define HAVE_STRINGS_H 1
#define HAVE_INTTYPES_H 1
#define HAVE_STDINT_H 1
#define HAVE_UNISTD_H 1
#define HAVE_DLFCN_H 1
#define LT_OBJDIR ".libs/"
#define STDC_HEADERS 1
#define restrict __restrict
#define HAVE_MEMSET 1
#define HAVE_POW 1
#define HAVE_LIBZ 1

configure: exit 0
